[debug] > Exec(early(addDefaultCommands), None, None)
[debug] > Exec(addDefaultCommands, None, None)
[debug] > Exec(early(initialize), None, None)
[debug] > Exec(initialize, None, None)
[debug] > Exec(boot, None, None)
[debug] > Exec(writeSbtVersion, None, None)
[debug] > Exec(reload, None, None)
[debug] > Exec(sbtStashOnFailure, None, None)
[debug] > Exec(onFailure loadFailed, None, None)
[debug] > Exec(loadp, None, None)
[info] welcome to sbt 1.6.2 (Oracle Corporation Java 1.8.0_333)
[debug]       Load.loadUnit: plugins took 98.3909ms
[debug]       Load.loadUnit: defsScala took 0.3559ms
[debug] [Loading] Scanning directory C:\Users\Justin\.sbt\1.0\plugins
[debug] [Loading] Found non-root projects 
[debug] [Loading] Done in C:\Users\Justin\.sbt\1.0\plugins, returning: ()
[debug] deducing auto plugins based on known facts Set(Atom(sbt.plugins.CorePlugin)) and clauses Clauses(Clause(Atom(sbt.plugins.JvmPlugin),Set(Atom(sbt.plugins.IvyPlugin)))
[debug] Clause(Atom(sbt.ScriptedPlugin),Set(Atom(sbt.plugins.JvmPlugin)))
[debug] Clause(Atom(sbt.plugins.SbtPlugin),Set(Atom(sbt.ScriptedPlugin)))
[debug] Clause(Atom(sbt.plugins.SemanticdbPlugin),Set(Atom(sbt.plugins.JvmPlugin)))
[debug] Clause(Atom(sbt.plugins.JUnitXmlReportPlugin),Set(Atom(sbt.plugins.JvmPlugin)))
[debug] Clause(Atom(sbt.plugins.MiniDependencyTreePlugin),Set(Atom(sbt.plugins.JvmPlugin)))
[debug] Clause(Atom(sbt.plugins.CorePlugin),Set(Atom(sbt.plugins.IvyPlugin)))
[debug] Clause(Atom(sbt.plugins.IvyPlugin),Set(Atom(sbt.plugins.JvmPlugin)))
[debug] Clause(Atom(sbt.plugins.JvmPlugin),Set(Atom(sbt.plugins.SemanticdbPlugin)))
[debug] Clause(Atom(sbt.plugins.JvmPlugin),Set(Atom(sbt.plugins.JUnitXmlReportPlugin)))
[debug] Clause(Atom(sbt.plugins.CorePlugin),Set(Atom(sbt.plugins.Giter8TemplatePlugin)))
[debug] Clause(Atom(sbt.plugins.JvmPlugin),Set(Atom(sbt.plugins.MiniDependencyTreePlugin))))
[debug]   :: deduced result: Matched(sbt.plugins.CorePlugin,sbt.plugins.Giter8TemplatePlugin,sbt.plugins.IvyPlugin,sbt.plugins.JvmPlugin,sbt.plugins.MiniDependencyTreePlugin,sbt.plugins.JUnitXmlReportPlugin,sbt.plugins.SemanticdbPlugin)
[debug] Plugins.deducer#function took 15.7381 ms
[debug]           Load.resolveProject(global-plugins) took 43.1602ms
[debug]         Load.loadTransitive: finalizeProject(Project(id global-plugins, base: C:\Users\Justin\.sbt\1.0\plugins, plugins: List(<none>))) took 85.4274ms
[debug] [Loading] Done in C:\Users\Justin\.sbt\1.0\plugins, returning: (global-plugins)
[debug]       Load.loadUnit: loadedProjectsRaw took 105.0494ms
[debug]       Load.loadUnit: cleanEvalClasses took 0.28ms
[debug]     Load.loadUnit(file:/C:/Users/Justin/.sbt/1.0/plugins/, ...) took 216.265ms
[debug]   Load.apply: load took 357.7175ms
[debug]   Load.apply: resolveProjects took 5.4169ms
[debug]   Load.apply: finalTransforms took 70.6411ms
[debug]   Load.apply: config.delegates took 7.7181ms
[debug]   Load.apply: Def.make(settings)... took 394.1015ms
[debug]   Load.apply: structureIndex took 100.7777ms
[debug]   Load.apply: mkStreams took 1.4731ms
[info] loading global plugins from C:\Users\Justin\.sbt\1.0\plugins
[debug] Running task... Cancel: Signal, check cycles: false, forcegc: true
[debug] Load.defaultLoad until apply took 2817.1655ms
[debug]           Load.loadUnit: plugins took 47.5846ms
[debug]           Load.loadUnit: defsScala took 0.0119ms
[debug] [Loading] Scanning directory C:\Users\Justin\Desktop\spark3demo\project
[debug] [Loading] Found non-root projects 
[debug] [Loading] Done in C:\Users\Justin\Desktop\spark3demo\project, returning: ()
[debug] deducing auto plugins based on known facts Set(Atom(sbt.plugins.CorePlugin)) and clauses Clauses(Clause(Atom(sbt.plugins.JvmPlugin),Set(Atom(sbt.plugins.IvyPlugin)))
[debug] Clause(Atom(sbt.ScriptedPlugin),Set(Atom(sbt.plugins.JvmPlugin)))
[debug] Clause(Atom(sbt.plugins.SbtPlugin),Set(Atom(sbt.ScriptedPlugin)))
[debug] Clause(Atom(sbt.plugins.SemanticdbPlugin),Set(Atom(sbt.plugins.JvmPlugin)))
[debug] Clause(Atom(sbt.plugins.JUnitXmlReportPlugin),Set(Atom(sbt.plugins.JvmPlugin)))
[debug] Clause(Atom(sbt.plugins.MiniDependencyTreePlugin),Set(Atom(sbt.plugins.JvmPlugin)))
[debug] Clause(Atom(sbt.plugins.CorePlugin),Set(Atom(sbt.plugins.IvyPlugin)))
[debug] Clause(Atom(sbt.plugins.IvyPlugin),Set(Atom(sbt.plugins.JvmPlugin)))
[debug] Clause(Atom(sbt.plugins.JvmPlugin),Set(Atom(sbt.plugins.SemanticdbPlugin)))
[debug] Clause(Atom(sbt.plugins.JvmPlugin),Set(Atom(sbt.plugins.JUnitXmlReportPlugin)))
[debug] Clause(Atom(sbt.plugins.CorePlugin),Set(Atom(sbt.plugins.Giter8TemplatePlugin)))
[debug] Clause(Atom(sbt.plugins.JvmPlugin),Set(Atom(sbt.plugins.MiniDependencyTreePlugin))))
[debug]   :: deduced result: Matched(sbt.plugins.CorePlugin,sbt.plugins.Giter8TemplatePlugin,sbt.plugins.IvyPlugin,sbt.plugins.JvmPlugin,sbt.plugins.MiniDependencyTreePlugin,sbt.plugins.JUnitXmlReportPlugin,sbt.plugins.SemanticdbPlugin)
[debug] Plugins.deducer#function took 2.7332 ms
[debug]               Load.resolveProject(spark3demo-build) took 1.8819ms
[debug]             Load.loadTransitive: finalizeProject(Project(id spark3demo-build, base: C:\Users\Justin\Desktop\spark3demo\project, plugins: List(<none>))) took 5.1428ms
[debug] [Loading] Done in C:\Users\Justin\Desktop\spark3demo\project, returning: (spark3demo-build)
[debug]           Load.loadUnit: loadedProjectsRaw took 7.7106ms
[debug]           Load.loadUnit: cleanEvalClasses took 0.0143ms
[debug]         Load.loadUnit(file:/C:/Users/Justin/Desktop/spark3demo/project/, ...) took 58.8376ms
[debug]       Load.apply: load took 60.9383ms
[debug]       Load.apply: resolveProjects took 0.1028ms
[debug]       Load.apply: finalTransforms took 10.9915ms
[debug]       Load.apply: config.delegates took 0.3555ms
[debug]       Load.apply: Def.make(settings)... took 89.171ms
[debug]       Load.apply: structureIndex took 38.1306ms
[debug]       Load.apply: mkStreams took 0.0037ms
[info] loading project definition from C:\Users\Justin\Desktop\spark3demo\project
[debug] Running task... Cancel: Signal, check cycles: false, forcegc: true
[debug]     Load.loadUnit: plugins took 502.2896ms
[debug]     Load.loadUnit: defsScala took 0.0027ms
[debug] [Loading] Scanning directory C:\Users\Justin\Desktop\spark3demo
[debug]       Load.loadUnit: mkEval took 6.5967ms
[debug] [Loading] Found root project root w/ remaining 
[debug] deducing auto plugins based on known facts Set(Atom(sbt.plugins.CorePlugin)) and clauses Clauses(Clause(Atom(sbt.plugins.JvmPlugin),Set(Atom(sbt.plugins.IvyPlugin)))
[debug] Clause(Atom(sbt.ScriptedPlugin),Set(Atom(sbt.plugins.JvmPlugin)))
[debug] Clause(Atom(sbt.plugins.SbtPlugin),Set(Atom(sbt.ScriptedPlugin)))
[debug] Clause(Atom(sbt.plugins.SemanticdbPlugin),Set(Atom(sbt.plugins.JvmPlugin)))
[debug] Clause(Atom(sbt.plugins.JUnitXmlReportPlugin),Set(Atom(sbt.plugins.JvmPlugin)))
[debug] Clause(Atom(sbt.plugins.MiniDependencyTreePlugin),Set(Atom(sbt.plugins.JvmPlugin)))
[debug] Clause(Atom(sbt.plugins.CorePlugin),Set(Atom(sbt.plugins.IvyPlugin)))
[debug] Clause(Atom(sbt.plugins.IvyPlugin),Set(Atom(sbt.plugins.JvmPlugin)))
[debug] Clause(Atom(sbt.plugins.JvmPlugin),Set(Atom(sbt.plugins.SemanticdbPlugin)))
[debug] Clause(Atom(sbt.plugins.JvmPlugin),Set(Atom(sbt.plugins.JUnitXmlReportPlugin)))
[debug] Clause(Atom(sbt.plugins.CorePlugin),Set(Atom(sbt.plugins.Giter8TemplatePlugin)))
[debug] Clause(Atom(sbt.plugins.JvmPlugin),Set(Atom(sbt.plugins.MiniDependencyTreePlugin))))
[debug]   :: deduced result: Matched(sbt.plugins.CorePlugin,sbt.plugins.Giter8TemplatePlugin,sbt.plugins.IvyPlugin,sbt.plugins.JvmPlugin,sbt.plugins.MiniDependencyTreePlugin,sbt.plugins.JUnitXmlReportPlugin,sbt.plugins.SemanticdbPlugin)
[debug] Plugins.deducer#function took 1.4254 ms
[info] loading settings for project root from build.sbt ...
[debug]         Load.resolveProject(root) took 2.6579ms
[debug]       Load.loadTransitive: finalizeProject(Project(id root, base: C:\Users\Justin\Desktop\spark3demo, plugins: List(<none>))) took 4.8721ms
[debug] [Loading] Done in C:\Users\Justin\Desktop\spark3demo, returning: (root)
[debug]     Load.loadUnit: loadedProjectsRaw took 2279.6957ms
[debug]     Load.loadUnit: cleanEvalClasses took 11.7224ms
[debug]   Load.loadUnit(file:/C:/Users/Justin/Desktop/spark3demo/, ...) took 2794.408ms
[debug] Load.apply: load took 2796.3625ms
[debug] Load.apply: resolveProjects took 0.0877ms
[debug] Load.apply: finalTransforms took 7.3552ms
[debug] Load.apply: config.delegates took 0.2794ms
[debug] Load.apply: Def.make(settings)... took 68.995ms
[debug] Load.apply: structureIndex took 20.1662ms
[debug] Load.apply: mkStreams took 0.0031ms
[info] set current project to spark2demo (in build file:/C:/Users/Justin/Desktop/spark3demo/)
[debug] > Exec(sbtPopOnFailure, None, None)
[debug] > Exec(resumeFromFailure, None, None)
[debug] > Exec(notifyUsersAboutShell, None, None)
[debug] > Exec(iflast shell, None, None)
[debug] > Exec(~run, None, None)
[info] sbt server started at local:sbt-server-eb328d9403aa5fba9042
[debug] Writing bsp connection file
[info] started sbt server
[debug] > Exec(__runWatch console0, None, None)
[debug] > Exec(sbtStashOnFailure, None, None)
[debug] > Exec(__preWatch console0, None, None)
[debug] > Exec(run, None, None)
[debug] Evaluating tasks: Compile / run
[debug] Running task... Cancel: Signal, check cycles: false, forcegc: true
[info] compiling 1 Scala source to C:\Users\Justin\Desktop\spark3demo\target\scala-2.11\classes ...
[info] done compiling
[error] java.lang.IllegalArgumentException: System memory 259522560 must be at least 471859200. Please increase heap size using the --driver-memory option or spark.driver.memory in Spark configuration.
[error] 	at org.apache.spark.memory.UnifiedMemoryManager$.getMaxMemory(UnifiedMemoryManager.scala:217)
[error] 	at org.apache.spark.memory.UnifiedMemoryManager$.apply(UnifiedMemoryManager.scala:199)
[error] 	at org.apache.spark.SparkEnv$.create(SparkEnv.scala:330)
[error] 	at org.apache.spark.SparkEnv$.createDriverEnv(SparkEnv.scala:175)
[error] 	at org.apache.spark.SparkContext.createSparkEnv(SparkContext.scala:257)
[error] 	at org.apache.spark.SparkContext.<init>(SparkContext.scala:424)
[error] 	at org.apache.spark.SparkContext$.getOrCreate(SparkContext.scala:2526)
[error] 	at org.apache.spark.sql.SparkSession$Builder$$anonfun$7.apply(SparkSession.scala:930)
[error] 	at org.apache.spark.sql.SparkSession$Builder$$anonfun$7.apply(SparkSession.scala:921)
[error] 	at scala.Option.getOrElse(Option.scala:121)
[error] 	at org.apache.spark.sql.SparkSession$Builder.getOrCreate(SparkSession.scala:921)
[error] 	at retail_db.data_cleanup$.main(data_cleanup.scala:19)
[error] 	at retail_db.data_cleanup.main(data_cleanup.scala)
[error] 	at sun.reflect.NativeMethodAccessorImpl.invoke0(Native Method)
[error] 	at sun.reflect.NativeMethodAccessorImpl.invoke(NativeMethodAccessorImpl.java:62)
[error] 	at sun.reflect.DelegatingMethodAccessorImpl.invoke(DelegatingMethodAccessorImpl.java:43)
[error] 	at java.lang.reflect.Method.invoke(Method.java:498)
[error] 	at sbt.Run.invokeMain(Run.scala:143)
[error] 	at sbt.Run.execute$1(Run.scala:93)
[error] 	at sbt.Run.$anonfun$runWithLoader$5(Run.scala:120)
[error] 	at sbt.Run$.executeSuccess(Run.scala:186)
[error] 	at sbt.Run.runWithLoader(Run.scala:120)
[error] 	at sbt.Defaults$.$anonfun$bgRunTask$6(Defaults.scala:1983)
[error] 	at sbt.Defaults$.$anonfun$termWrapper$2(Defaults.scala:1922)
[error] 	at scala.runtime.java8.JFunction0$mcV$sp.apply(JFunction0$mcV$sp.java:23)
[error] 	at scala.util.Try$.apply(Try.scala:213)
[error] 	at sbt.internal.BackgroundThreadPool$BackgroundRunnable.run(DefaultBackgroundJobService.scala:369)
[error] 	at java.util.concurrent.ThreadPoolExecutor.runWorker(ThreadPoolExecutor.java:1149)
[error] 	at java.util.concurrent.ThreadPoolExecutor$Worker.run(ThreadPoolExecutor.java:624)
[error] 	at java.lang.Thread.run(Thread.java:750)
[error] (Compile / run) java.lang.IllegalArgumentException: System memory 259522560 must be at least 471859200. Please increase heap size using the --driver-memory option or spark.driver.memory in Spark configuration.
[error] Total time: 35 s, completed May 29, 2022 2:37:24 PM
[debug] > Exec(resumeFromFailure, None, None)
[debug] > Exec(sbtPopOnFailure, None, None)
[debug] > Exec(__postWatch console0, None, None)
[debug] > Exec(__waitWatch console0, None, None)
